
The following files have been resolved:
   org.apache.maven.wagon:wagon-provider-api:jar:1.0-beta-6:compile
   org.springframework:spring-core:jar:4.1.6.RELEASE:compile
   org.apache.maven:maven-settings:jar:2.2.1:compile
   org.yaml:snakeyaml:jar:1.14:compile
   aopalliance:aopalliance:jar:1.0:compile
   org.quartz-scheduler:quartz:jar:2.2.1:compile
   org.apache.jackrabbit:jackrabbit-webdav:jar:1.5.0:runtime
   org.apache.maven:maven-artifact-manager:jar:2.2.1:compile
   org.slf4j:jul-to-slf4j:jar:1.7.11:compile
   org.codehaus.plexus:plexus-io:jar:2.6:compile
   org.springframework.boot:spring-boot-starter-jdbc:jar:1.2.3.RELEASE:compile
   org.springframework:spring-aspects:jar:4.1.6.RELEASE:compile
   org.springframework:spring-web:jar:4.1.6.RELEASE:compile
   org.apache.tomcat.embed:tomcat-embed-el:jar:8.0.20:compile
   ch.qos.logback:logback-classic:jar:1.1.3:compile
   org.apache.maven.shared:maven-filtering:jar:1.3:compile
   org.apache.maven.wagon:wagon-http:jar:1.0-beta-6:compile
   org.aspectj:aspectjrt:jar:1.8.5:compile
   nekohtml:xercesMinimal:jar:1.9.6.2:compile
   org.apache.maven.shared:maven-shared-utils:jar:0.6:compile
   org.springframework:spring-expression:jar:4.1.6.RELEASE:compile
   javax.validation:validation-api:jar:1.1.0.Final:compile
   org.slf4j:log4j-over-slf4j:jar:1.7.11:compile
   org.sonatype.plexus:plexus-cipher:jar:1.4:compile
   dom4j:dom4j:jar:1.6.1:compile
   org.codehaus.plexus:plexus-container-default:jar:1.0-alpha-9-stable-1:compile
   org.springframework:spring-aop:jar:4.1.6.RELEASE:compile
   c3p0:c3p0:jar:0.9.1.1:compile
   org.springframework:spring-jdbc:jar:4.1.6.RELEASE:compile
   org.springframework.boot:spring-boot:jar:1.2.3.RELEASE:compile
   ch.qos.logback:logback-core:jar:1.1.3:compile
   org.apache.jackrabbit:jackrabbit-jcr-commons:jar:1.5.0:runtime
   classworlds:classworlds:jar:1.1:compile
   org.apache.tomcat.embed:tomcat-embed-core:jar:8.0.20:compile
   org.apache.maven.shared:file-management:jar:1.1:compile
   org.jboss:jandex:jar:1.1.0.Final:compile
   org.hibernate.javax.persistence:hibernate-jpa-2.1-api:jar:1.0.0.Final:compile
   org.apache.maven:maven-core:jar:2.2.1:compile
   org.sonatype.plexus:plexus-build-api:jar:0.0.4:compile
   org.jboss.logging:jboss-logging:jar:3.1.3.GA:compile
   org.apache.maven:maven-repository-metadata:jar:2.2.1:compile
   org.apache.maven.wagon:wagon-webdav-jackrabbit:jar:1.0-beta-6:runtime
   org.apache.maven:maven-artifact:jar:2.2.1:compile
   org.javassist:javassist:jar:3.18.1-GA:compile
   org.apache.maven:maven-plugin-descriptor:jar:2.2.1:compile
   org.hibernate.common:hibernate-commons-annotations:jar:4.0.5.Final:compile
   org.iq80.snappy:snappy:jar:0.3:compile
   org.apache.maven.reporting:maven-reporting-api:jar:2.2.1:compile
   org.apache.maven.shared:maven-shared-io:jar:1.1:compile
   org.springframework.boot:spring-boot-starter-web:jar:1.2.3.RELEASE:compile
   org.jboss.logging:jboss-logging-annotations:jar:1.2.0.Beta1:compile
   commons-io:commons-io:jar:2.2:compile
   org.springframework:spring-tx:jar:4.1.6.RELEASE:compile
   org.apache.maven:maven-plugin-registry:jar:2.2.1:compile
   org.quartz-scheduler:quartz-jobs:jar:2.2.1:compile
   com.google.code.findbugs:jsr305:jar:2.0.1:compile
   org.aspectj:aspectjweaver:jar:1.8.5:compile
   org.apache.maven:maven-error-diagnostics:jar:2.2.1:compile
   org.springframework.boot:spring-boot-starter:jar:1.2.3.RELEASE:compile
   com.fasterxml.jackson.core:jackson-core:jar:2.4.5:compile
   org.springframework:spring-context:jar:4.1.6.RELEASE:compile
   org.springframework.boot:spring-boot-starter-data-jpa:jar:1.2.3.RELEASE:compile
   org.springframework:spring-webmvc:jar:4.1.6.RELEASE:compile
   org.springframework:spring-orm:jar:4.1.6.RELEASE:compile
   org.springframework.boot:spring-boot-starter-aop:jar:1.2.3.RELEASE:compile
   com.google.code.gson:gson:jar:2.3:compile
   xml-apis:xml-apis:jar:1.0.b2:compile
   org.apache.maven:maven-plugin-api:jar:2.2.1:compile
   org.apache.maven.wagon:wagon-ssh-external:jar:1.0-beta-6:runtime
   org.apache.maven:maven-project:jar:2.2.1:compile
   antlr:antlr:jar:2.7.7:compile
   org.codehaus.plexus:plexus-interpolation:jar:1.22:compile
   org.springframework.boot:spring-boot-starter-tomcat:jar:1.2.3.RELEASE:compile
   org.codehaus.plexus:plexus-utils:jar:3.0.21:compile
   org.slf4j:slf4j-jdk14:jar:1.7.11:runtime
   org.apache.maven.doxia:doxia-sink-api:jar:1.1:compile
   org.apache.maven:maven-monitor:jar:2.2.1:compile
   org.apache.tomcat:tomcat-juli:jar:8.0.20:compile
   org.apache.maven.wagon:wagon-file:jar:1.0-beta-6:runtime
   org.hamcrest:hamcrest-core:jar:1.3:compile
   org.slf4j:jcl-over-slf4j:jar:1.7.11:compile
   org.apache.maven:maven-archiver:jar:2.5:compile
   org.apache.tomcat.embed:tomcat-embed-websocket:jar:8.0.20:compile
   org.apache.tomcat:tomcat-jdbc:jar:8.0.20:compile
   org.apache.maven.shared:maven-repository-builder:jar:1.0:compile
   org.apache.maven.wagon:wagon-http-lightweight:jar:1.0-beta-6:compile
   commons-codec:commons-codec:jar:1.6:compile
   org.apache.tomcat.embed:tomcat-embed-logging-juli:jar:8.0.20:compile
   com.fasterxml:classmate:jar:1.0.0:compile
   com.jcraft:jsch:jar:0.1.38:compile
   org.codehaus.plexus:plexus-archiver:jar:3.0.1:compile
   org.springframework.data:spring-data-jpa:jar:1.7.2.RELEASE:compile
   nekohtml:nekohtml:jar:1.9.6.2:compile
   org.apache.maven.wagon:wagon-ssh-common:jar:1.0-beta-6:compile
   org.springframework:spring-beans:jar:4.1.6.RELEASE:compile
   org.springframework.data:spring-data-commons:jar:1.9.2.RELEASE:compile
   org.codehaus.plexus:plexus-interactivity-api:jar:1.0-alpha-4:compile
   mysql:mysql-connector-java:jar:5.1.34:compile
   commons-httpclient:commons-httpclient:jar:3.0:runtime
   commons-cli:commons-cli:jar:1.2:compile
   org.hibernate:hibernate-validator:jar:5.1.3.Final:compile
   org.slf4j:slf4j-api:jar:1.7.11:compile
   org.hibernate:hibernate-core:jar:4.3.8.Final:compile
   org.slf4j:slf4j-nop:jar:1.5.3:runtime
   org.apache.maven:maven-profile:jar:2.2.1:compile
   org.sonatype.plexus:plexus-sec-dispatcher:jar:1.3:compile
   org.springframework.boot:spring-boot-autoconfigure:jar:1.2.3.RELEASE:compile
   org.apache.maven:maven-plugin-parameter-documenter:jar:2.2.1:compile
   org.hibernate:hibernate-entitymanager:jar:4.3.8.Final:compile
   junit:junit:jar:4.12:compile
   com.fasterxml.jackson.core:jackson-annotations:jar:2.4.5:compile
   org.apache.maven.plugins:maven-assembly-plugin:jar:2.6:compile
   javax.transaction:javax.transaction-api:jar:1.2:compile
   org.apache.maven:maven-model:jar:2.2.1:compile
   org.apache.maven.shared:maven-common-artifact-filters:jar:1.4:compile
   org.apache.maven.wagon:wagon-ssh:jar:1.0-beta-6:compile
   org.springframework.boot:spring-boot-starter-logging:jar:1.2.3.RELEASE:compile
   org.apache.maven.doxia:doxia-logging-api:jar:1.1:compile
   backport-util-concurrent:backport-util-concurrent:jar:3.1:compile
   com.fasterxml.jackson.core:jackson-databind:jar:2.4.5:compile
   org.apache.maven.wagon:wagon-http-shared:jar:1.0-beta-6:compile

